/apps/jdk
Buildfile: build.xml

prepare:

build:

call_package_ant:
     [echo] Executing JUnit target: build

prepare:

build:
     [echo] Executing tamfits target: build

prepare:

check_packages:

build:
    [mkdir] Created dir: /apps/cvsbuild/java/source/tamfits/build/classes
    [javac] Compiling 45 source files to /apps/cvsbuild/java/source/tamfits/build/classes
     [echo] Executing axis target: build

prepare:

build:
      [jar] Updating jar: /apps/cvsbuild/java/source/axis/lib/axis/axis.jar
     [echo] Executing dom4j target: build

build:
     [echo] Executing Jetty target: build

prepare:

build:
      [jar] Updating jar: /apps/cvsbuild/java/source/jetty/lib/jetty/org.mortbay.jetty.jar
     [echo] Executing JSky target: build

prepare:

check_packages:

build:
    [mkdir] Created dir: /apps/cvsbuild/java/source/jsky/build/classes
    [javac] Compiling 332 source files to /apps/cvsbuild/java/source/jsky/build/classes
     [copy] Copying 185 files to /apps/cvsbuild/java/source/jsky/build/classes
     [copy] Copying 10 files to /apps/cvsbuild/java/source/jsky/lib/jsky
     [echo] Executing UTIL target: build

prepare:

check_packages:

build:
    [mkdir] Created dir: /apps/cvsbuild/java/source/util/build/classes
    [javac] Compiling 14 source files to /apps/cvsbuild/java/source/util/build/classes
     [echo] Executing Task target: build

prepare:

check_packages:

build:
    [mkdir] Created dir: /apps/cvsbuild/java/source/task/build/classes
    [javac] Compiling 12 source files to /apps/cvsbuild/java/source/task/build/classes
    [mkdir] Created dir: /apps/cvsbuild/java/source/task/lib/task
     [echo] Executing JNIAST target: build

prepare:

check_packages:

get_ast_source:
    [mkdir] Created dir: /apps/cvsbuild/java/source/jniast/build/ast
    [untar] Expanding: /apps/cvsbuild/java/source/jniast/src/ast/ast_source.tar into /apps/cvsbuild/java/source/jniast/build/ast

assemble_java:
    [mkdir] Created dir: /apps/cvsbuild/java/source/jniast/build/java
     [copy] Copying 21 files to /apps/cvsbuild/java/source/jniast/build/java

build_classes:
    [mkdir] Created dir: /apps/cvsbuild/java/source/jniast/build/classes
    [javac] Compiling 44 source files to /apps/cvsbuild/java/source/jniast/build/classes

assemble_jni:
     [copy] Copying 32 files to /apps/cvsbuild/java/source/jniast/build/jni
    [javah] ClassArgument.name=uk.ac.starlink.ast.AstException
    [javah] ClassArgument.name=uk.ac.starlink.ast.AstObject
    [javah] ClassArgument.name=uk.ac.starlink.ast.Channel
    [javah] ClassArgument.name=uk.ac.starlink.ast.CmpFrame
    [javah] ClassArgument.name=uk.ac.starlink.ast.CmpMap
    [javah] ClassArgument.name=uk.ac.starlink.ast.FitsChan
    [javah] ClassArgument.name=uk.ac.starlink.ast.Frame
    [javah] ClassArgument.name=uk.ac.starlink.ast.FrameSet
    [javah] ClassArgument.name=uk.ac.starlink.ast.IntraMap
    [javah] ClassArgument.name=uk.ac.starlink.ast.LutMap
    [javah] ClassArgument.name=uk.ac.starlink.ast.Mapping
    [javah] ClassArgument.name=uk.ac.starlink.ast.MathMap
    [javah] ClassArgument.name=uk.ac.starlink.ast.MatrixMap
    [javah] ClassArgument.name=uk.ac.starlink.ast.PcdMap
    [javah] ClassArgument.name=uk.ac.starlink.ast.PermMap
    [javah] ClassArgument.name=uk.ac.starlink.ast.Plot
    [javah] ClassArgument.name=uk.ac.starlink.ast.SkyFrame
    [javah] ClassArgument.name=uk.ac.starlink.ast.SlaMap
    [javah] ClassArgument.name=uk.ac.starlink.ast.SpecFrame
    [javah] ClassArgument.name=uk.ac.starlink.ast.SpecMap
    [javah] ClassArgument.name=uk.ac.starlink.ast.SphMap
    [javah] ClassArgument.name=uk.ac.starlink.ast.UnitMap
    [javah] ClassArgument.name=uk.ac.starlink.ast.WcsMap
    [javah] ClassArgument.name=uk.ac.starlink.ast.WinMap
    [javah] ClassArgument.name=uk.ac.starlink.ast.ZoomMap
    [javah] [Search path = /apps/j2sdk1.4.1_02/jre/lib/rt.jar:/apps/j2sdk1.4.1_02/jre/lib/i18n.jar:/apps/j2sdk1.4.1_02/jre/lib/sunrsasign.jar:/apps/j2sdk1.4.1_02/jre/lib/jsse.jar:/apps/j2sdk1.4.1_02/jre/lib/jce.jar:/apps/j2sdk1.4.1_02/jre/lib/charsets.jar:/apps/j2sdk1.4.1_02/jre/classes:/apps/cvsbuild/java/source/jniast/build/classes]
    [javah] [Loaded /apps/cvsbuild/java/source/jniast/build/classes/uk/ac/starlink/ast/AstException.class]
    [javah] [Loaded /apps/j2sdk1.4.1_02/jre/lib/rt.jar(java/lang/RuntimeException.class)]
    [javah] [Loaded /apps/j2sdk1.4.1_02/jre/lib/rt.jar(java/lang/Exception.class)]
    [javah] [Loaded /apps/j2sdk1.4.1_02/jre/lib/rt.jar(java/lang/Throwable.class)]
    [javah] [Loaded /apps/j2sdk1.4.1_02/jre/lib/rt.jar(java/lang/Object.class)]
    [javah] [Creating file /apps/cvsbuild/java/source/jniast/build/jni/uk_ac_starlink_ast_AstException.h]
    [javah] [Loaded /apps/cvsbuild/java/source/jniast/build/classes/uk/ac/starlink/ast/AstObject.class]
    [javah] [Creating file /apps/cvsbuild/java/source/jniast/build/jni/uk_ac_starlink_ast_AstObject.h]
    [javah] [Loaded /apps/cvsbuild/java/source/jniast/build/classes/uk/ac/starlink/ast/Channel.class]
    [javah] [Creating file /apps/cvsbuild/java/source/jniast/build/jni/uk_ac_starlink_ast_Channel.h]
    [javah] [Loaded /apps/cvsbuild/java/source/jniast/build/classes/uk/ac/starlink/ast/CmpFrame.class]
    [javah] [Loaded /apps/cvsbuild/java/source/jniast/build/classes/uk/ac/starlink/ast/Frame.class]
    [javah] [Loaded /apps/cvsbuild/java/source/jniast/build/classes/uk/ac/starlink/ast/Mapping.class]
    [javah] [Creating file /apps/cvsbuild/java/source/jniast/build/jni/uk_ac_starlink_ast_CmpFrame.h]
    [javah] [Loaded /apps/cvsbuild/java/source/jniast/build/classes/uk/ac/starlink/ast/CmpMap.class]
    [javah] [Creating file /apps/cvsbuild/java/source/jniast/build/jni/uk_ac_starlink_ast_CmpMap.h]
    [javah] [Loaded /apps/cvsbuild/java/source/jniast/build/classes/uk/ac/starlink/ast/FitsChan.class]
    [javah] [Creating file /apps/cvsbuild/java/source/jniast/build/jni/uk_ac_starlink_ast_FitsChan.h]
    [javah] [Loaded /apps/cvsbuild/java/source/jniast/build/classes/uk/ac/starlink/ast/FrameSet.class]
    [javah] [Creating file /apps/cvsbuild/java/source/jniast/build/jni/uk_ac_starlink_ast_Frame.h]
    [javah] [Creating file /apps/cvsbuild/java/source/jniast/build/jni/uk_ac_starlink_ast_FrameSet.h]
    [javah] [Loaded /apps/cvsbuild/java/source/jniast/build/classes/uk/ac/starlink/ast/IntraMap.class]
    [javah] [Loaded /apps/cvsbuild/java/source/jniast/build/classes/uk/ac/starlink/ast/Transformer.class]
    [javah] [Creating file /apps/cvsbuild/java/source/jniast/build/jni/uk_ac_starlink_ast_IntraMap.h]
    [javah] [Loaded /apps/cvsbuild/java/source/jniast/build/classes/uk/ac/starlink/ast/LutMap.class]
    [javah] [Creating file /apps/cvsbuild/java/source/jniast/build/jni/uk_ac_starlink_ast_LutMap.h]
    [javah] [Loaded /apps/cvsbuild/java/source/jniast/build/classes/uk/ac/starlink/ast/Mapping$Interpolator.class]
    [javah] [Creating file /apps/cvsbuild/java/source/jniast/build/jni/uk_ac_starlink_ast_Mapping.h]
    [javah] [Loaded /apps/cvsbuild/java/source/jniast/build/classes/uk/ac/starlink/ast/MathMap.class]
    [javah] [Creating file /apps/cvsbuild/java/source/jniast/build/jni/uk_ac_starlink_ast_MathMap.h]
    [javah] [Loaded /apps/cvsbuild/java/source/jniast/build/classes/uk/ac/starlink/ast/MatrixMap.class]
    [javah] [Creating file /apps/cvsbuild/java/source/jniast/build/jni/uk_ac_starlink_ast_MatrixMap.h]
    [javah] [Loaded /apps/cvsbuild/java/source/jniast/build/classes/uk/ac/starlink/ast/PcdMap.class]
    [javah] [Creating file /apps/cvsbuild/java/source/jniast/build/jni/uk_ac_starlink_ast_PcdMap.h]
    [javah] [Loaded /apps/cvsbuild/java/source/jniast/build/classes/uk/ac/starlink/ast/PermMap.class]
    [javah] [Creating file /apps/cvsbuild/java/source/jniast/build/jni/uk_ac_starlink_ast_PermMap.h]
    [javah] [Loaded /apps/cvsbuild/java/source/jniast/build/classes/uk/ac/starlink/ast/Plot.class]
    [javah] [Loaded /apps/j2sdk1.4.1_02/jre/lib/rt.jar(java/awt/geom/Rectangle2D.class)]
    [javah] [Loaded /apps/j2sdk1.4.1_02/jre/lib/rt.jar(java/awt/geom/RectangularShape.class)]
    [javah] [Creating file /apps/cvsbuild/java/source/jniast/build/jni/uk_ac_starlink_ast_Plot.h]
    [javah] [Loaded /apps/cvsbuild/java/source/jniast/build/classes/uk/ac/starlink/ast/SkyFrame.class]
    [javah] [Creating file /apps/cvsbuild/java/source/jniast/build/jni/uk_ac_starlink_ast_SkyFrame.h]
    [javah] [Loaded /apps/cvsbuild/java/source/jniast/build/classes/uk/ac/starlink/ast/SlaMap.class]
    [javah] [Creating file /apps/cvsbuild/java/source/jniast/build/jni/uk_ac_starlink_ast_SlaMap.h]
    [javah] [Loaded /apps/cvsbuild/java/source/jniast/build/classes/uk/ac/starlink/ast/SpecFrame.class]
    [javah] [Creating file /apps/cvsbuild/java/source/jniast/build/jni/uk_ac_starlink_ast_SpecFrame.h]
    [javah] [Loaded /apps/cvsbuild/java/source/jniast/build/classes/uk/ac/starlink/ast/SpecMap.class]
    [javah] [Creating file /apps/cvsbuild/java/source/jniast/build/jni/uk_ac_starlink_ast_SpecMap.h]
    [javah] [Loaded /apps/cvsbuild/java/source/jniast/build/classes/uk/ac/starlink/ast/SphMap.class]
    [javah] [Creating file /apps/cvsbuild/java/source/jniast/build/jni/uk_ac_starlink_ast_SphMap.h]
    [javah] [Loaded /apps/cvsbuild/java/source/jniast/build/classes/uk/ac/starlink/ast/UnitMap.class]
    [javah] [Creating file /apps/cvsbuild/java/source/jniast/build/jni/uk_ac_starlink_ast_UnitMap.h]
    [javah] [Loaded /apps/cvsbuild/java/source/jniast/build/classes/uk/ac/starlink/ast/WcsMap.class]
    [javah] [Creating file /apps/cvsbuild/java/source/jniast/build/jni/uk_ac_starlink_ast_WcsMap.h]
    [javah] [Loaded /apps/cvsbuild/java/source/jniast/build/classes/uk/ac/starlink/ast/WinMap.class]
    [javah] [Creating file /apps/cvsbuild/java/source/jniast/build/jni/uk_ac_starlink_ast_WinMap.h]
    [javah] [Loaded /apps/cvsbuild/java/source/jniast/build/classes/uk/ac/starlink/ast/ZoomMap.class]
    [javah] [Creating file /apps/cvsbuild/java/source/jniast/build/jni/uk_ac_starlink_ast_ZoomMap.h]

build_jni:

execute_mk_script:
    [mkdir] Created dir: /apps/cvsbuild/java/source/jniast/lib/i386
     [echo] java.home=/apps/j2sdk1.4.1_02/jre
     [exec] mk: Environment variables defined for ix86_Linux system
     [exec] make -e shared
     [exec] gcc -I. -I/stardev/local/include -I/apps/j2sdk1.4.1_02/jre/../include -I/apps/j2sdk1.4.1_02/jre/../include/linux -I/apps/cvsbuild/star/include -O -c jniast.c
     [exec] In file included from jniast.c:32:
     [exec] jniast.h:60: parse error before `AstSpecFrame'
     [exec] jniast.h:60: warning: no semicolon at end of struct or union
     [exec] jniast.h:61: warning: data definition has no type or storage class
     [exec] jniast.h:68: parse error before `}'
     [exec] jniast.h:68: warning: data definition has no type or storage class
     [exec] jniast.h:91: parse error before `jniastGetPointerField'
     [exec] jniast.h:91: warning: data definition has no type or storage class
     [exec] jniast.h:92: parse error before `AstPointer'
     [exec] jniast.c:206: parse error before `jniastGetPointerField'
     [exec] jniast.c: In function `jniastGetPointerField':
     [exec] jniast.c:224: parse error before `pointer'
     [exec] jniast.c:225: `pointer' undeclared (first use in this function)
     [exec] jniast.c:225: (Each undeclared identifier is reported only once
     [exec] jniast.c:225: for each function it appears in.)
     [exec] jniast.c: At top level:
     [exec] jniast.c:232: parse error before `AstPointer'
     [exec] jniast.c: In function `jniastSetPointerField':
     [exec] jniast.c:257: parse error before `old'
     [exec] jniast.c:258: `env' undeclared (first use in this function)
     [exec] jniast.c:259: `old' undeclared (first use in this function)
     [exec] jniast.c:259: `object' undeclared (first use in this function)
     [exec] jniast.c:272: `pointer' undeclared (first use in this function)
     [exec] jniast.c: In function `jniastMakeObject':
     [exec] jniast.c:315: parse error before `pointer'
     [exec] jniast.c:365: `pointer' undeclared (first use in this function)
     [exec] make: *** [jniast.o] Error 1

build:
     [echo] Executing ASTGUI target: build

prepare:

check_packages:
[available] Mar 24, 2003 7:04:57 PM uk.ac.starlink.util.Loader starjavaDirectory
[available] WARNING: Loader.class location file:/apps/cvsbuild/java/source/util/build/classes/uk/ac/starlink/util/Loader.class unexpected

build:
    [mkdir] Created dir: /apps/cvsbuild/java/source/astgui/build/classes
    [javac] Compiling 46 source files to /apps/cvsbuild/java/source/astgui/build/classes
     [copy] Copying 9 files to /apps/cvsbuild/java/source/astgui/build/classes
    [mkdir] Created dir: /apps/cvsbuild/java/source/astgui/lib/astgui
     [echo] Executing JNIHDS target: build

prepare:

check_packages:

build_classes:
    [mkdir] Created dir: /apps/cvsbuild/java/source/jnihds/build/classes
    [javac] Compiling 3 source files to /apps/cvsbuild/java/source/jnihds/build/classes

assemble_jni:
     [copy] Copying 4 files to /apps/cvsbuild/java/source/jnihds/build/jni
    [javah] ClassArgument.name=uk.ac.starlink.hds.HDSObject
    [javah] [Search path = /apps/j2sdk1.4.1_02/jre/lib/rt.jar:/apps/j2sdk1.4.1_02/jre/lib/i18n.jar:/apps/j2sdk1.4.1_02/jre/lib/sunrsasign.jar:/apps/j2sdk1.4.1_02/jre/lib/jsse.jar:/apps/j2sdk1.4.1_02/jre/lib/jce.jar:/apps/j2sdk1.4.1_02/jre/lib/charsets.jar:/apps/j2sdk1.4.1_02/jre/classes:/apps/cvsbuild/java/source/jnihds/build/classes]
    [javah] [Loaded /apps/cvsbuild/java/source/jnihds/build/classes/uk/ac/starlink/hds/HDSObject.class]
    [javah] [Loaded /apps/j2sdk1.4.1_02/jre/lib/rt.jar(java/lang/Object.class)]
    [javah] [Loaded /apps/j2sdk1.4.1_02/jre/lib/rt.jar(java/nio/ByteBuffer.class)]
    [javah] [Loaded /apps/j2sdk1.4.1_02/jre/lib/rt.jar(java/nio/Buffer.class)]
    [javah] [Creating file /apps/cvsbuild/java/source/jnihds/build/jni/uk_ac_starlink_hds_HDSObject.h]

build_jni:

execute_mk_script:
    [mkdir] Created dir: /apps/cvsbuild/java/source/jnihds/lib/i386
     [echo] java.home=/apps/j2sdk1.4.1_02/jre
     [exec] mk: Environment variables defined for ix86_Linux system
     [exec] make -e shared
     [exec] gcc -I.  -I/apps/j2sdk1.4.1_02/jre/../include -I/apps/j2sdk1.4.1_02/jre/../include/linux -I/apps/cvsbuild/star/include -O -c HDSObject.c
     [exec] mkdir temp
     [exec] (cd temp; \
     [exec]            for f in `../jnihds_libraries` ""; do \
     [exec]            echo "Processing $f"; \
     [exec]            if test -n "$f"; then \
     [exec]               ar x $f; \
     [exec]            fi;\
     [exec]         done)
     [exec] Processing /apps/cvsbuild/star/lib/libhds.a
     [exec] Processing /apps/cvsbuild/star/lib/libchr.a
     [exec] Processing /apps/cvsbuild/star/lib/libemsf.a
     [exec] Processing /apps/cvsbuild/star/lib/libems.a
     [exec] Processing /apps/cvsbuild/star/lib/libcnf.a
     [exec] Processing /apps/cvsbuild/star/lib/liberr.a
     [exec] Processing /apps/cvsbuild/star/lib/liberr_standalone.a
     [exec] Processing /apps/cvsbuild/star/lib/libpsx.a
     [exec] Processing /apps/cvsbuild/star/lib/libchr.a
     [exec] Processing /apps/cvsbuild/star/lib/libemsf.a
     [exec] Processing /apps/cvsbuild/star/lib/libems.a
     [exec] Processing /apps/cvsbuild/star/lib/libcnf.a
     [exec] Processing 
     [exec] f() { g77 -shared -o $1 $2 -lg2c -lm -lgcc -lc;}; f /apps/cvsbuild/java/source/jnihds/lib/i386/libjnihds.so 'HDSObject.o  temp/*.o' '';\
     [exec] rm -r -f temp

build:
     [echo] Executing HDX target: build

prepare:

check_packages:

build:
    [mkdir] Created dir: /apps/cvsbuild/java/source/hdx/build/classes
    [javac] Compiling 17 source files to /apps/cvsbuild/java/source/hdx/build/classes
     [copy] Copying 1 file to /apps/cvsbuild/java/source/hdx/build/classes
    [mkdir] Created dir: /apps/cvsbuild/java/source/hdx/lib/hdx
     [echo] Executing compatibility NDArray target: build

build:
      [jar] Updating jar: /apps/cvsbuild/java/source/oldarray/lib/oldarray/array.jar
     [echo] Executing NDArray target: build

prepare:

check_packages:

assemble_java:
    [mkdir] Created dir: /apps/cvsbuild/java/source/array/build/java
     [copy] Copying 42 files to /apps/cvsbuild/java/source/array/build/java

build_classes:
    [mkdir] Created dir: /apps/cvsbuild/java/source/array/build/classes
    [javac] Compiling 43 source files to /apps/cvsbuild/java/source/array/build/classes

build:
     [echo] Executing NDX target: build

prepare:

check_packages:

build:
    [mkdir] Created dir: /apps/cvsbuild/java/source/ndx/build/classes
    [javac] Compiling 11 source files to /apps/cvsbuild/java/source/ndx/build/classes
     [echo] Executing Table target: build

prepare:

check_packages:

build:
    [mkdir] Created dir: /apps/cvsbuild/java/source/table/build/classes
    [javac] Compiling 36 source files to /apps/cvsbuild/java/source/table/build/classes
     [copy] Copying 1 file to /apps/cvsbuild/java/source/table/build/classes
     [echo] Executing NDTools target: build

prepare:

check_packages:

build:
    [mkdir] Created dir: /apps/cvsbuild/java/source/ndtools/build/classes
    [javac] Compiling 16 source files to /apps/cvsbuild/java/source/ndtools/build/classes
     [echo] Executing HDS target: build

prepare:

check_packages:

build:
    [mkdir] Created dir: /apps/cvsbuild/java/source/hds/build/classes
    [javac] Compiling 10 source files to /apps/cvsbuild/java/source/hds/build/classes
     [echo] Executing FITS target: build

prepare:

check_packages:

build:
    [mkdir] Created dir: /apps/cvsbuild/java/source/fits/build/classes
    [javac] Compiling 10 source files to /apps/cvsbuild/java/source/fits/build/classes
    [javac] Note: /apps/cvsbuild/java/source/fits/src/main/uk/ac/starlink/fits/FitsNdxHandler.java uses or overrides a deprecated API.
    [javac] Note: Recompile with -deprecation for details.
     [echo] Executing VOTable target: build

prepare:

check_packages:

build:
    [mkdir] Created dir: /apps/cvsbuild/java/source/votable/build/classes
    [javac] Compiling 23 source files to /apps/cvsbuild/java/source/votable/build/classes
     [copy] Copying 1 file to /apps/cvsbuild/java/source/votable/build/classes
     [echo] Executing JAIUtil target: build

prepare:

check_packages:

build:
    [mkdir] Created dir: /apps/cvsbuild/java/source/jaiutil/build/classes
    [javac] Compiling 15 source files to /apps/cvsbuild/java/source/jaiutil/build/classes
     [echo] Executing SOAPSERVER target: build

prepare:

check_packages:

build:
    [mkdir] Created dir: /apps/cvsbuild/java/source/soapserver/build/classes
    [javac] Compiling 5 source files to /apps/cvsbuild/java/source/soapserver/build/classes
     [copy] Copying 1 file to /apps/cvsbuild/java/source/soapserver/build/classes
    [mkdir] Created dir: /apps/cvsbuild/java/source/soapserver/lib/soapserver
     [echo] Executing SOG target: build

prepare:

check_packages:

build:
    [mkdir] Created dir: /apps/cvsbuild/java/source/sog/build/classes
    [javac] Compiling 27 source files to /apps/cvsbuild/java/source/sog/build/classes
    [javac] Note: /apps/cvsbuild/java/source/sog/src/main/uk/ac/starlink/sog/photom/PhotometryWorker.java uses or overrides a deprecated API.
    [javac] Note: Recompile with -deprecation for details.
     [copy] Copying 6 files to /apps/cvsbuild/java/source/sog/build/classes
     [echo] Executing SPLAT target: build

prepare:

check_packages:

build:
    [mkdir] Created dir: /apps/cvsbuild/java/source/splat/build/classes
    [javac] Compiling 145 source files to /apps/cvsbuild/java/source/splat/build/classes
    [javac] Note: Some input files use or override a deprecated API.
    [javac] Note: Recompile with -deprecation for details.
     [copy] Copying 58 files to /apps/cvsbuild/java/source/splat/build/classes
    [mkdir] Created dir: /apps/cvsbuild/java/source/splat/lib/splat
     [copy] Copying 6 files to /apps/cvsbuild/java/source/splat/lib/splat

execute_mk_script:
     [copy] Copying 6 files to /apps/cvsbuild/java/source/splat/build/jni
    [mkdir] Created dir: /apps/cvsbuild/java/source/splat/lib/i386
     [echo] java.home=/apps/j2sdk1.4.1_02/jre
     [exec] Running MK script...
     [exec] mk: Environment variables defined for ix86_Linux system
     [exec] make -e build
     [exec] gcc -I.  -I/apps/j2sdk1.4.1_02/jre/../include -I/apps/j2sdk1.4.1_02/jre/../include/linux -I/star/include -O -c NDFJImpl.c
     [exec] NDFJImpl.c:15:21: sae_par.h: No such file or directory
     [exec] NDFJImpl.c:16:21: dat_par.h: No such file or directory
     [exec] NDFJImpl.c:17:17: ndf.h: No such file or directory
     [exec] NDFJImpl.c:18:22: merswrap.h: No such file or directory
     [exec] NDFJImpl.c:19:17: f77.h: No such file or directory
     [exec] make: *** [NDFJImpl.o] Error 1
     [echo] Executing Treeview target: build

prepare:

really_check_packages:

check_packages:

build_demo:
     [copy] Copying 12 files to /apps/cvsbuild/java/source/treeview/build/etc/demo
     [gzip] Building: /apps/cvsbuild/java/source/treeview/build/etc/demo/votable/vizier.xml.gz
    [mkdir] Created dir: /apps/cvsbuild/java/source/treeview/build/etc/demo/tar
      [tar] Building tar: /apps/cvsbuild/java/source/treeview/build/etc/demo/tar/demo.tar.gz

build:
    [mkdir] Created dir: /apps/cvsbuild/java/source/treeview/build/classes
    [javac] Compiling 84 source files to /apps/cvsbuild/java/source/treeview/build/classes
    [javac] Note: Some input files use or override a deprecated API.
    [javac] Note: Recompile with -deprecation for details.
     [copy] Copying 12 files to /apps/cvsbuild/java/source/treeview/build/classes
     [copy] Copied 2 empty directories to /apps/cvsbuild/java/source/treeview/build/classes
     [copy] Copying 64 files to /apps/cvsbuild/java/source/treeview/build/classes
     [echo] Executing Pal target: build

prepare:

check_packages:

build:
    [mkdir] Created dir: /apps/cvsbuild/java/source/pal/build/classes
    [javac] Compiling 15 source files to /apps/cvsbuild/java/source/pal/build/classes
    [mkdir] Created dir: /apps/cvsbuild/java/source/pal/lib/pal
     [echo] Executing Coco target: build

prepare:

check_packages:

build:
    [mkdir] Created dir: /apps/cvsbuild/java/source/coco/build/classes
    [javac] Compiling 3 source files to /apps/cvsbuild/java/source/coco/build/classes
    [mkdir] Created dir: /apps/cvsbuild/java/source/coco/lib/coco
     [echo] Executing RV target: build

prepare:

check_packages:

build:
    [mkdir] Created dir: /apps/cvsbuild/java/source/rv/build/classes
    [javac] Compiling 3 source files to /apps/cvsbuild/java/source/rv/build/classes
    [mkdir] Created dir: /apps/cvsbuild/java/source/rv/lib/rv

BUILD SUCCESSFUL
Total time: 45 seconds
