/apps/jdk
Buildfile: build.xml

prepare:

install:

call_package_ant:
     [echo] Executing JUnit target: install

prepare:

build:

jars:
      [jar] error while reading original manifest: error in opening zip file
      [jar] Updating jar: /apps/cvsbuild/java/source/junit/lib/junit/junit.jar

BUILD FAILED
file:/apps/cvsbuild/java/source/junit/build.xml:170: problem reading zip entry from /apps/cvsbuild/java/source/junit/lib/junit/zip827422770.tmp

Total time: 2 seconds
