/apps/jdk
Buildfile: build.xml

prepare:

install:

call_package_ant:
     [echo] Executing JUnit target: install

install:
[loggedcopy] Copying 2 files to /apps/cvsbuild/star/lib
[loggedcopy] Copying 55 files to /apps/cvsbuild/star/docs
     [echo] Executing tamfits target: install

prepare:

check_packages:

build:

jars:
    [mkdir] Created dir: /apps/cvsbuild/java/source/tamfits/lib/tamfits
      [jar] Building jar: /apps/cvsbuild/java/source/tamfits/lib/tamfits/tamfits.jar

javadoc_check:

javadocs:

dist:
     [copy] Copying 5 files to /apps/cvsbuild/java/source/tamfits/docs/tamfits

install:
    [mkdir] Created dir: /apps/cvsbuild/star/lib/tamfits
    [mkdir] Created dir: /apps/cvsbuild/star/docs/tamfits
[loggedcopy] Copying 1 file to /apps/cvsbuild/star/lib
[loggedcopy] Copying 76 files to /apps/cvsbuild/star/docs
     [echo] Executing axis target: install

install:
    [mkdir] Created dir: /apps/cvsbuild/star/lib/axis
    [mkdir] Created dir: /apps/cvsbuild/star/docs/axis
[loggedcopy] Copying 16 files to /apps/cvsbuild/star/lib
[loggedcopy] Copying 1551 files to /apps/cvsbuild/star/docs
     [echo] Executing dom4j target: install

install:
    [mkdir] Created dir: /apps/cvsbuild/star/lib/dom4j
    [mkdir] Created dir: /apps/cvsbuild/star/docs/dom4j
[loggedcopy] Copying 1 file to /apps/cvsbuild/star/lib
[loggedcopy] Copying 733 files to /apps/cvsbuild/star/docs
     [echo] Executing Jetty target: install

install:
[loggedcopy] Copying 5 files to /apps/cvsbuild/star/lib
[loggedcopy] Copying 397 files to /apps/cvsbuild/star/docs
     [echo] Executing JSky target: install

prepare:

check_packages:

build:

jars:
      [jar] Building jar: /apps/cvsbuild/java/source/jsky/lib/jsky/jsky.jar

javadoc_check:

javadocs:

dist:
     [copy] Copying 2 files to /apps/cvsbuild/java/source/jsky/bin/jsky
     [copy] Copying 4 files to /apps/cvsbuild/java/source/jsky/docs/jsky

install:
    [mkdir] Created dir: /apps/cvsbuild/star/bin/jsky
    [mkdir] Created dir: /apps/cvsbuild/star/lib/jsky
    [mkdir] Created dir: /apps/cvsbuild/star/docs/jsky
[loggedcopy] Copying 2 files to /apps/cvsbuild/star/bin
[loggedcopy] Copying 11 files to /apps/cvsbuild/star/lib
[loggedcopy] Copying 434 files to /apps/cvsbuild/star/docs
[loggedcopy] Copied 17 empty directories to /apps/cvsbuild/star/docs
     [echo] Executing UTIL target: install

prepare:

check_packages:

build:

jars:
    [mkdir] Created dir: /apps/cvsbuild/java/source/util/lib/util
      [jar] Building jar: /apps/cvsbuild/java/source/util/lib/util/util.jar
      [zip] Building zip: /apps/cvsbuild/java/source/util/lib/util/util_src.zip

javadoc_check:

javadocs:

dist:
    [mkdir] Created dir: /apps/cvsbuild/java/source/util/bin
    [mkdir] Created dir: /apps/cvsbuild/java/source/util/etc
     [copy] Copying 2 files to /apps/cvsbuild/java/source/util/bin
     [copy] Copying 1 file to /apps/cvsbuild/java/source/util/etc

install:
    [mkdir] Created dir: /apps/cvsbuild/star/lib/util
    [mkdir] Created dir: /apps/cvsbuild/star/docs/util
[loggedcopy] Copying 2 files to /apps/cvsbuild/star/bin
[loggedcopy] Copying 2 files to /apps/cvsbuild/star/lib
[loggedcopy] Copying 1 file to /apps/cvsbuild/star/etc
[loggedcopy] Copying 29 files to /apps/cvsbuild/star/docs
     [echo] Executing Task target: install

prepare:

check_packages:

build:

jars:
      [jar] Building jar: /apps/cvsbuild/java/source/task/lib/task/task.jar

javadoc_check:

javadocs:

dist:

install:
    [mkdir] Created dir: /apps/cvsbuild/star/bin/task
    [mkdir] Created dir: /apps/cvsbuild/star/lib/task
    [mkdir] Created dir: /apps/cvsbuild/star/etc/task
    [mkdir] Created dir: /apps/cvsbuild/star/docs/task
[loggedcopy] Copying 1 file to /apps/cvsbuild/star/lib
[loggedcopy] Copying 27 files to /apps/cvsbuild/star/docs
     [echo] Executing JNIAST target: install

prepare:

check_packages:

get_ast_source:
    [untar] Expanding: /apps/cvsbuild/java/source/jniast/src/ast/ast_source.tar into /apps/cvsbuild/java/source/jniast/build/ast

assemble_java:

build_classes:

assemble_jni:
    [javah] ClassArgument.name=uk.ac.starlink.ast.AstException
    [javah] ClassArgument.name=uk.ac.starlink.ast.AstObject
    [javah] ClassArgument.name=uk.ac.starlink.ast.Channel
    [javah] ClassArgument.name=uk.ac.starlink.ast.CmpFrame
    [javah] ClassArgument.name=uk.ac.starlink.ast.CmpMap
    [javah] ClassArgument.name=uk.ac.starlink.ast.FitsChan
    [javah] ClassArgument.name=uk.ac.starlink.ast.Frame
    [javah] ClassArgument.name=uk.ac.starlink.ast.FrameSet
    [javah] ClassArgument.name=uk.ac.starlink.ast.IntraMap
    [javah] ClassArgument.name=uk.ac.starlink.ast.LutMap
    [javah] ClassArgument.name=uk.ac.starlink.ast.Mapping
    [javah] ClassArgument.name=uk.ac.starlink.ast.MathMap
    [javah] ClassArgument.name=uk.ac.starlink.ast.MatrixMap
    [javah] ClassArgument.name=uk.ac.starlink.ast.PcdMap
    [javah] ClassArgument.name=uk.ac.starlink.ast.PermMap
    [javah] ClassArgument.name=uk.ac.starlink.ast.Plot
    [javah] ClassArgument.name=uk.ac.starlink.ast.SkyFrame
    [javah] ClassArgument.name=uk.ac.starlink.ast.SlaMap
    [javah] ClassArgument.name=uk.ac.starlink.ast.SpecFrame
    [javah] ClassArgument.name=uk.ac.starlink.ast.SpecMap
    [javah] ClassArgument.name=uk.ac.starlink.ast.SphMap
    [javah] ClassArgument.name=uk.ac.starlink.ast.UnitMap
    [javah] ClassArgument.name=uk.ac.starlink.ast.WcsMap
    [javah] ClassArgument.name=uk.ac.starlink.ast.WinMap
    [javah] ClassArgument.name=uk.ac.starlink.ast.ZoomMap
    [javah] [Search path = /apps/j2sdk1.4.1_02/jre/lib/rt.jar:/apps/j2sdk1.4.1_02/jre/lib/i18n.jar:/apps/j2sdk1.4.1_02/jre/lib/sunrsasign.jar:/apps/j2sdk1.4.1_02/jre/lib/jsse.jar:/apps/j2sdk1.4.1_02/jre/lib/jce.jar:/apps/j2sdk1.4.1_02/jre/lib/charsets.jar:/apps/j2sdk1.4.1_02/jre/classes:/apps/cvsbuild/java/source/jniast/build/classes]
    [javah] [Loaded /apps/cvsbuild/java/source/jniast/build/classes/uk/ac/starlink/ast/AstException.class]
    [javah] [Loaded /apps/j2sdk1.4.1_02/jre/lib/rt.jar(java/lang/RuntimeException.class)]
    [javah] [Loaded /apps/j2sdk1.4.1_02/jre/lib/rt.jar(java/lang/Exception.class)]
    [javah] [Loaded /apps/j2sdk1.4.1_02/jre/lib/rt.jar(java/lang/Throwable.class)]
    [javah] [Loaded /apps/j2sdk1.4.1_02/jre/lib/rt.jar(java/lang/Object.class)]
    [javah] [No need to update file /apps/cvsbuild/java/source/jniast/build/jni/uk_ac_starlink_ast_AstException.h]
    [javah] [Loaded /apps/cvsbuild/java/source/jniast/build/classes/uk/ac/starlink/ast/AstObject.class]
    [javah] [No need to update file /apps/cvsbuild/java/source/jniast/build/jni/uk_ac_starlink_ast_AstObject.h]
    [javah] [Loaded /apps/cvsbuild/java/source/jniast/build/classes/uk/ac/starlink/ast/Channel.class]
    [javah] [No need to update file /apps/cvsbuild/java/source/jniast/build/jni/uk_ac_starlink_ast_Channel.h]
    [javah] [Loaded /apps/cvsbuild/java/source/jniast/build/classes/uk/ac/starlink/ast/CmpFrame.class]
    [javah] [Loaded /apps/cvsbuild/java/source/jniast/build/classes/uk/ac/starlink/ast/Frame.class]
    [javah] [Loaded /apps/cvsbuild/java/source/jniast/build/classes/uk/ac/starlink/ast/Mapping.class]
    [javah] [No need to update file /apps/cvsbuild/java/source/jniast/build/jni/uk_ac_starlink_ast_CmpFrame.h]
    [javah] [Loaded /apps/cvsbuild/java/source/jniast/build/classes/uk/ac/starlink/ast/CmpMap.class]
    [javah] [No need to update file /apps/cvsbuild/java/source/jniast/build/jni/uk_ac_starlink_ast_CmpMap.h]
    [javah] [Loaded /apps/cvsbuild/java/source/jniast/build/classes/uk/ac/starlink/ast/FitsChan.class]
    [javah] [No need to update file /apps/cvsbuild/java/source/jniast/build/jni/uk_ac_starlink_ast_FitsChan.h]
    [javah] [Loaded /apps/cvsbuild/java/source/jniast/build/classes/uk/ac/starlink/ast/FrameSet.class]
    [javah] [No need to update file /apps/cvsbuild/java/source/jniast/build/jni/uk_ac_starlink_ast_Frame.h]
    [javah] [No need to update file /apps/cvsbuild/java/source/jniast/build/jni/uk_ac_starlink_ast_FrameSet.h]
    [javah] [Loaded /apps/cvsbuild/java/source/jniast/build/classes/uk/ac/starlink/ast/IntraMap.class]
    [javah] [Loaded /apps/cvsbuild/java/source/jniast/build/classes/uk/ac/starlink/ast/Transformer.class]
    [javah] [No need to update file /apps/cvsbuild/java/source/jniast/build/jni/uk_ac_starlink_ast_IntraMap.h]
    [javah] [Loaded /apps/cvsbuild/java/source/jniast/build/classes/uk/ac/starlink/ast/LutMap.class]
    [javah] [No need to update file /apps/cvsbuild/java/source/jniast/build/jni/uk_ac_starlink_ast_LutMap.h]
    [javah] [Loaded /apps/cvsbuild/java/source/jniast/build/classes/uk/ac/starlink/ast/Mapping$Interpolator.class]
    [javah] [No need to update file /apps/cvsbuild/java/source/jniast/build/jni/uk_ac_starlink_ast_Mapping.h]
    [javah] [Loaded /apps/cvsbuild/java/source/jniast/build/classes/uk/ac/starlink/ast/MathMap.class]
    [javah] [No need to update file /apps/cvsbuild/java/source/jniast/build/jni/uk_ac_starlink_ast_MathMap.h]
    [javah] [Loaded /apps/cvsbuild/java/source/jniast/build/classes/uk/ac/starlink/ast/MatrixMap.class]
    [javah] [No need to update file /apps/cvsbuild/java/source/jniast/build/jni/uk_ac_starlink_ast_MatrixMap.h]
    [javah] [Loaded /apps/cvsbuild/java/source/jniast/build/classes/uk/ac/starlink/ast/PcdMap.class]
    [javah] [No need to update file /apps/cvsbuild/java/source/jniast/build/jni/uk_ac_starlink_ast_PcdMap.h]
    [javah] [Loaded /apps/cvsbuild/java/source/jniast/build/classes/uk/ac/starlink/ast/PermMap.class]
    [javah] [No need to update file /apps/cvsbuild/java/source/jniast/build/jni/uk_ac_starlink_ast_PermMap.h]
    [javah] [Loaded /apps/cvsbuild/java/source/jniast/build/classes/uk/ac/starlink/ast/Plot.class]
    [javah] [Loaded /apps/j2sdk1.4.1_02/jre/lib/rt.jar(java/awt/geom/Rectangle2D.class)]
    [javah] [Loaded /apps/j2sdk1.4.1_02/jre/lib/rt.jar(java/awt/geom/RectangularShape.class)]
    [javah] [No need to update file /apps/cvsbuild/java/source/jniast/build/jni/uk_ac_starlink_ast_Plot.h]
    [javah] [Loaded /apps/cvsbuild/java/source/jniast/build/classes/uk/ac/starlink/ast/SkyFrame.class]
    [javah] [No need to update file /apps/cvsbuild/java/source/jniast/build/jni/uk_ac_starlink_ast_SkyFrame.h]
    [javah] [Loaded /apps/cvsbuild/java/source/jniast/build/classes/uk/ac/starlink/ast/SlaMap.class]
    [javah] [No need to update file /apps/cvsbuild/java/source/jniast/build/jni/uk_ac_starlink_ast_SlaMap.h]
    [javah] [Loaded /apps/cvsbuild/java/source/jniast/build/classes/uk/ac/starlink/ast/SpecFrame.class]
    [javah] [No need to update file /apps/cvsbuild/java/source/jniast/build/jni/uk_ac_starlink_ast_SpecFrame.h]
    [javah] [Loaded /apps/cvsbuild/java/source/jniast/build/classes/uk/ac/starlink/ast/SpecMap.class]
    [javah] [No need to update file /apps/cvsbuild/java/source/jniast/build/jni/uk_ac_starlink_ast_SpecMap.h]
    [javah] [Loaded /apps/cvsbuild/java/source/jniast/build/classes/uk/ac/starlink/ast/SphMap.class]
    [javah] [No need to update file /apps/cvsbuild/java/source/jniast/build/jni/uk_ac_starlink_ast_SphMap.h]
    [javah] [Loaded /apps/cvsbuild/java/source/jniast/build/classes/uk/ac/starlink/ast/UnitMap.class]
    [javah] [No need to update file /apps/cvsbuild/java/source/jniast/build/jni/uk_ac_starlink_ast_UnitMap.h]
    [javah] [Loaded /apps/cvsbuild/java/source/jniast/build/classes/uk/ac/starlink/ast/WcsMap.class]
    [javah] [No need to update file /apps/cvsbuild/java/source/jniast/build/jni/uk_ac_starlink_ast_WcsMap.h]
    [javah] [Loaded /apps/cvsbuild/java/source/jniast/build/classes/uk/ac/starlink/ast/WinMap.class]
    [javah] [No need to update file /apps/cvsbuild/java/source/jniast/build/jni/uk_ac_starlink_ast_WinMap.h]
    [javah] [Loaded /apps/cvsbuild/java/source/jniast/build/classes/uk/ac/starlink/ast/ZoomMap.class]
    [javah] [No need to update file /apps/cvsbuild/java/source/jniast/build/jni/uk_ac_starlink_ast_ZoomMap.h]

build_jni:

execute_mk_script:
     [echo] java.home=/apps/j2sdk1.4.1_02/jre
     [exec] mk: Environment variables defined for ix86_Linux system
     [exec] make -e shared
     [exec] gcc -I. -I/stardev/local/include -I/apps/j2sdk1.4.1_02/jre/../include -I/apps/j2sdk1.4.1_02/jre/../include/linux -I/apps/cvsbuild/star/include -O -c jniast.c
     [exec] jniast.c:31:17: ast.h: No such file or directory
     [exec] In file included from jniast.c:32:
     [exec] jniast.h:27:17: ast.h: No such file or directory
     [exec] make: *** [jniast.o] Error 1

BUILD FAILED
file:/apps/cvsbuild/java/source/jniast/build.xml:465: exec returned: 2

Total time: 15 seconds
