/apps/jdk
Buildfile: build.xml

prepare:

test:

call_package_ant:
     [echo] Executing JUnit target: test

test:
     [echo] Executing tamfits target: test

test:
     [echo] Executing axis target: test

test:
     [echo] Executing Jetty target: test

test:
     [echo] Executing UTIL target: test

prepare:

check_packages:

build:

compile-tests:
    [mkdir] Created dir: /apps/cvsbuild/java/source/util/build/testcases
    [javac] Compiling 14 source files to /apps/cvsbuild/java/source/util/build/testcases

run-tests:
    [junit] Testsuite: uk.ac.starlink.util.DOMUtilsTest
    [junit] Tests run: 4, Failures: 0, Errors: 0, Time elapsed: 0.358 sec

    [junit] Testcase: testGetChildElementByName took 0.129 sec
    [junit] Testcase: testGetTextContent took 0.021 sec
    [junit] Testcase: testNewDocument took 0.019 sec
    [junit] Testcase: testRelativizeDOM took 0.182 sec
    [junit] Testsuite: uk.ac.starlink.util.DataSourceTest
    [junit] Tests run: 6, Failures: 0, Errors: 0, Time elapsed: 3.668 sec

    [junit] Testcase: testData took 0.911 sec
    [junit] Testcase: testIntro took 0.632 sec
    [junit] Testcase: testStream took 0.59 sec
    [junit] Testcase: testHybridStream took 0.59 sec
    [junit] Testcase: testCombo1 took 0.767 sec
    [junit] Testcase: testResourceStream took 0.174 sec
    [junit] Testsuite: uk.ac.starlink.util.IOUtilsTest
    [junit] Tests run: 2, Failures: 0, Errors: 0, Time elapsed: 0.03 sec

    [junit] Testcase: testDataInput took 0.008 sec
    [junit] Testcase: testInputStream took 0.017 sec
    [junit] Testsuite: uk.ac.starlink.util.LoaderTest
    [junit] Tests run: 2, Failures: 0, Errors: 0, Time elapsed: 0.681 sec
    [junit] ------------- Standard Error -----------------
    [junit] Nov 12, 2004 5:19:33 AM uk.ac.starlink.util.Loader warn
    [junit] WARNING: Class no.class.here.mate not found
    [junit] Nov 12, 2004 5:19:33 AM uk.ac.starlink.util.Loader warn
    [junit] WARNING: Class uk.ac.starlink.util.LoaderTest is not a java.lang.Comparable
    [junit] ------------- ---------------- ---------------

    [junit] Testcase: testLoader took 0.673 sec
    [junit] Testcase: testGetClassInstances took 0.003 sec
    [junit] Testsuite: uk.ac.starlink.util.NodeDescendantsTest
    [junit] Tests run: 1, Failures: 0, Errors: 0, Time elapsed: 0.142 sec

    [junit] Testcase: testTraversal took 0.138 sec
    [junit] Testsuite: uk.ac.starlink.util.PipeReaderThreadTest
    [junit] Tests run: 2, Failures: 0, Errors: 0, Time elapsed: 0.067 sec

    [junit] Testcase: testPipe1 took 0.037 sec
    [junit] Testcase: testPipeBlock took 0.025 sec
    [junit] Testsuite: uk.ac.starlink.util.ReaderThreadTest
    [junit] Tests run: 1, Failures: 0, Errors: 0, Time elapsed: 1.018 sec

    [junit] Testcase: testThread took 1.014 sec
    [junit] Testsuite: uk.ac.starlink.util.SourceReaderTest
    [junit] Tests run: 1, Failures: 0, Errors: 0, Time elapsed: 0.706 sec

    [junit] Testcase: testGetDOM took 0.701 sec
    [junit] Testsuite: uk.ac.starlink.util.TestCaseTest
    [junit] Tests run: 3, Failures: 0, Errors: 0, Time elapsed: 0.399 sec

    [junit] Testcase: testFlags took 0.303 sec
    [junit] Testcase: testAssertSource took 0.046 sec
    [junit] Testcase: testValidation took 0.046 sec
    [junit] Testsuite: uk.ac.starlink.util.URLUtilsTest
    [junit] Tests run: 2, Failures: 0, Errors: 0, Time elapsed: 0.017 sec

    [junit] Testcase: testMakeURL took 0.01 sec
    [junit] Testcase: testUrlToUri took 0.002 sec
    [junit] Testsuite: uk.ac.starlink.util.XMLUtilTest
    [junit] Tests run: 1, Failures: 0, Errors: 0, Time elapsed: 0.987 sec

    [junit] Testcase: testXMLEncodeDecode took 0.984 sec
    [junit] Testsuite: uk.ac.starlink.util.gui.RendererTest
    [junit] Tests run: 1, Failures: 0, Errors: 0, Time elapsed: 6.57 sec

    [junit] Testcase: testRenderer took 6.566 sec

test:
     [echo] Executing Task target: test

prepare:

check_packages:

build:

compile-tests:
    [mkdir] Created dir: /apps/cvsbuild/java/source/task/build/testcases
    [javac] Compiling 1 source file to /apps/cvsbuild/java/source/task/build/testcases

run-tests:

test:
     [echo] Executing JNIAST target: test

prepare:

check_packages:

build_classes:

unpack_jni:

unpack_jni_arch:
    [unjar] Expanding: /apps/cvsbuild/java/source/jniast/src/lib/i386/jniast_libs.jar into /apps/cvsbuild/java/source/jniast/lib/i386

unpack_jni_arch:
    [unjar] Expanding: /apps/cvsbuild/java/source/jniast/src/lib/sparc/jniast_libs.jar into /apps/cvsbuild/java/source/jniast/lib/sparc

unpack_jni_arch:
    [unjar] Expanding: /apps/cvsbuild/java/source/jniast/src/lib/x86/jniast_libs.jar into /apps/cvsbuild/java/source/jniast/lib/x86

unpack_jni_arch:
    [unjar] Expanding: /apps/cvsbuild/java/source/jniast/src/lib/ppc/jniast_libs.jar into /apps/cvsbuild/java/source/jniast/lib/ppc

build:

compile-tests:
    [mkdir] Created dir: /apps/cvsbuild/java/source/jniast/build/testcases
    [javac] Compiling 9 source files to /apps/cvsbuild/java/source/jniast/build/testcases

run-tests:
    [junit] Testsuite: uk.ac.starlink.ast.AstTest
    [junit] Tests run: 1, Failures: 1, Errors: 0, Time elapsed: 0.429 sec
    [junit] ------------- Standard Error -----------------
    [junit] Nov 12, 2004 5:19:56 AM uk.ac.starlink.ast.AstPackage isAvailable
    [junit] WARNING: JNIAST native library not on java.library.path - no WCS processing
    [junit] ------------- ---------------- ---------------

    [junit] Testcase: testAstObject took 0.423 sec
    [junit] 	FAILED
    [junit] null
    [junit] junit.framework.AssertionFailedError
    [junit] 	at uk.ac.starlink.ast.AstTest.setUp(AstTest.java:46)

    [junit] Testcase: testAstObject

BUILD FAILED
file:/apps/cvsbuild/java/source/jniast/build.xml:1328: Test uk.ac.starlink.ast.AstTest failed

Total time: 38 seconds
